TN:
SF:dominio\comentario\comment.js
FN:3,(anonymous_0)
FN:12,(anonymous_1)
FN:17,(anonymous_2)
FNF:3
FNH:3
FNDA:3,(anonymous_0)
FNDA:1,(anonymous_1)
FNDA:1,(anonymous_2)
DA:4,3
DA:5,3
DA:6,3
DA:7,3
DA:8,3
DA:9,3
DA:13,1
DA:14,1
DA:18,1
DA:19,1
DA:23,4
LF:11
LH:11
BRF:0
BRH:0
end_of_record
TN:
SF:dominio\comentario\commentRepository.js
FN:17,(anonymous_0)
FN:26,(anonymous_1)
FN:30,(anonymous_2)
FN:34,(anonymous_3)
FNF:4
FNH:4
FNDA:1,(anonymous_0)
FNDA:1,(anonymous_1)
FNDA:1,(anonymous_2)
FNDA:1,(anonymous_3)
DA:1,3
DA:2,3
DA:4,3
DA:13,3
DA:18,1
DA:19,1
DA:20,1
DA:21,1
DA:23,0
DA:27,1
DA:31,1
DA:35,1
DA:39,3
LF:13
LH:12
BRF:0
BRH:0
end_of_record
TN:
SF:dominio\comentario\commentService.js
FN:5,rateProduct
FN:13,reviewProduct
FN:24,(anonymous_2)
FN:36,getReviewsByProductId
FN:46,getProductAverageRating
FNF:5
FNH:4
FNDA:1,rateProduct
FNDA:1,reviewProduct
FNDA:0,(anonymous_2)
FNDA:1,getReviewsByProductId
FNDA:1,getProductAverageRating
DA:1,1
DA:2,1
DA:3,1
DA:4,1
DA:6,1
DA:7,1
DA:9,1
DA:14,1
DA:15,1
DA:16,1
DA:17,1
DA:20,0
DA:23,0
DA:24,0
DA:25,0
DA:28,0
DA:29,0
DA:32,1
DA:37,1
DA:38,1
DA:39,1
DA:42,0
DA:44,0
DA:47,1
DA:48,1
DA:50,1
DA:55,1
LF:27
LH:19
BRDA:16,0,0,1
BRDA:16,0,1,0
BRDA:38,1,0,1
BRDA:38,1,1,0
BRF:4
BRH:2
end_of_record
TN:
SF:dominio\producto\product.js
FN:3,(anonymous_0)
FN:15,(anonymous_1)
FN:20,(anonymous_2)
FN:25,(anonymous_3)
FN:30,(anonymous_4)
FN:35,(anonymous_5)
FN:40,(anonymous_6)
FN:45,(anonymous_7)
FNF:8
FNH:3
FNDA:4,(anonymous_0)
FNDA:1,(anonymous_1)
FNDA:1,(anonymous_2)
FNDA:0,(anonymous_3)
FNDA:0,(anonymous_4)
FNDA:0,(anonymous_5)
FNDA:0,(anonymous_6)
FNDA:0,(anonymous_7)
DA:4,4
DA:5,4
DA:6,4
DA:7,4
DA:8,4
DA:9,4
DA:10,4
DA:11,4
DA:12,4
DA:16,1
DA:17,1
DA:21,1
DA:22,1
DA:26,0
DA:27,0
DA:31,0
DA:32,0
DA:36,0
DA:37,0
DA:41,0
DA:42,0
DA:46,0
DA:47,0
DA:51,2
LF:24
LH:14
BRF:0
BRH:0
end_of_record
TN:
SF:dominio\producto\productRepository.js
FN:18,(anonymous_0)
FN:22,(anonymous_1)
FN:26,(anonymous_2)
FN:30,(anonymous_3)
FN:34,(anonymous_4)
FN:38,(anonymous_5)
FNF:6
FNH:2
FNDA:1,(anonymous_0)
FNDA:1,(anonymous_1)
FNDA:0,(anonymous_2)
FNDA:0,(anonymous_3)
FNDA:0,(anonymous_4)
FNDA:0,(anonymous_5)
DA:1,3
DA:3,3
DA:15,3
DA:19,1
DA:23,1
DA:27,0
DA:31,0
DA:35,0
DA:39,0
DA:43,3
LF:10
LH:6
BRF:0
BRH:0
end_of_record
TN:
SF:dominio\producto\productService.js
FN:8,createProduct
FN:14,searchProductsByQuery
FN:23,getProductsByUserId
FN:27,getProductByID
FN:36,getProductReviewsByID
FN:44,updateProduct
FN:58,deleteProduct
FNF:7
FNH:1
FNDA:1,createProduct
FNDA:0,searchProductsByQuery
FNDA:0,getProductsByUserId
FNDA:0,getProductByID
FNDA:0,getProductReviewsByID
FNDA:0,updateProduct
FNDA:0,deleteProduct
DA:1,1
DA:2,1
DA:3,1
DA:4,1
DA:6,1
DA:9,1
DA:10,1
DA:11,1
DA:15,0
DA:16,0
DA:18,0
DA:20,0
DA:24,0
DA:28,0
DA:29,0
DA:30,0
DA:33,0
DA:37,0
DA:38,0
DA:39,0
DA:42,0
DA:46,0
DA:47,0
DA:48,0
DA:51,0
DA:52,0
DA:55,0
DA:60,0
DA:61,0
DA:62,0
DA:65,0
DA:66,0
DA:69,0
DA:72,1
LF:34
LH:9
BRDA:29,0,0,0
BRDA:29,0,1,0
BRDA:38,1,0,0
BRDA:38,1,1,0
BRDA:47,2,0,0
BRDA:47,2,1,0
BRDA:51,3,0,0
BRDA:51,3,1,0
BRDA:61,4,0,0
BRDA:61,4,1,0
BRDA:65,5,0,0
BRDA:65,5,1,0
BRF:12
BRH:0
end_of_record
TN:
SF:dominio\usuario\user.js
FN:2,(anonymous_0)
FN:12,(anonymous_1)
FN:17,(anonymous_2)
FN:22,(anonymous_3)
FN:27,(anonymous_4)
FN:32,(anonymous_5)
FNF:6
FNH:3
FNDA:4,(anonymous_0)
FNDA:1,(anonymous_1)
FNDA:1,(anonymous_2)
FNDA:0,(anonymous_3)
FNDA:0,(anonymous_4)
FNDA:0,(anonymous_5)
DA:3,4
DA:4,4
DA:5,4
DA:6,4
DA:7,4
DA:8,4
DA:9,4
DA:13,1
DA:14,1
DA:18,1
DA:19,1
DA:23,0
DA:24,0
DA:28,0
DA:29,0
DA:33,0
DA:34,0
DA:38,2
LF:18
LH:12
BRF:0
BRH:0
end_of_record
TN:
SF:dominio\usuario\userRepository.js
FN:16,(anonymous_0)
FN:20,(anonymous_1)
FN:24,(anonymous_2)
FN:28,(anonymous_3)
FN:32,(anonymous_4)
FN:36,(anonymous_5)
FN:40,(anonymous_6)
FNF:7
FNH:2
FNDA:1,(anonymous_0)
FNDA:1,(anonymous_1)
FNDA:0,(anonymous_2)
FNDA:0,(anonymous_3)
FNDA:0,(anonymous_4)
FNDA:0,(anonymous_5)
FNDA:0,(anonymous_6)
DA:1,2
DA:3,2
DA:13,2
DA:17,1
DA:21,1
DA:25,0
DA:29,0
DA:33,0
DA:37,0
DA:41,0
DA:45,2
LF:11
LH:6
BRF:0
BRH:0
end_of_record
TN:
SF:dominio\usuario\userService.js
FN:8,register
FN:27,login
FN:48,Profile
FNF:3
FNH:3
FNDA:1,register
FNDA:1,login
FNDA:1,Profile
DA:2,1
DA:3,1
DA:4,1
DA:6,1
DA:9,1
DA:10,1
DA:11,0
DA:14,1
DA:23,1
DA:24,1
DA:28,1
DA:29,1
DA:30,1
DA:33,0
DA:34,0
DA:37,0
DA:39,0
DA:44,0
DA:49,1
DA:50,1
DA:52,1
DA:54,0
DA:58,1
LF:23
LH:16
BRDA:10,0,0,0
BRDA:10,0,1,1
BRDA:29,1,0,1
BRDA:29,1,1,0
BRDA:33,2,0,0
BRDA:33,2,1,0
BRF:6
BRH:2
end_of_record
